<?xml version="1.0" encoding="UTF-8"?>
<testng-results ignored="0" total="1" passed="1" failed="0" skipped="0">
  <reporter-output>
  </reporter-output>
  <suite started-at="2022-03-01T17:25:39 IST" name="Default suite" finished-at="2022-03-01T17:25:55 IST" duration-ms="16197">
    <groups>
    </groups>
    <test started-at="2022-03-01T17:25:39 IST" name="Default test" finished-at="2022-03-01T17:25:55 IST" duration-ms="16197">
      <class name="testCases.TC001_LoginLogout">
        <test-method is-config="true" signature="startReport()[pri:0, instance:testCases.TC001_LoginLogout@b9b00e0]" started-at="2022-03-01T17:25:38 IST" name="startReport" finished-at="2022-03-01T17:25:39 IST" duration-ms="264" status="PASS">
          <reporter-output>
          </reporter-output>
        </test-method> <!-- startReport -->
        <test-method is-config="true" signature="loadObject()[pri:0, instance:testCases.TC001_LoginLogout@b9b00e0]" started-at="2022-03-01T17:25:39 IST" name="loadObject" finished-at="2022-03-01T17:25:39 IST" depends-on-methods="utils.Reports.startReport" duration-ms="0" status="PASS">
          <reporter-output>
          </reporter-output>
        </test-method> <!-- loadObject -->
        <test-method is-config="true" signature="setData()[pri:0, instance:testCases.TC001_LoginLogout@b9b00e0]" started-at="2022-03-01T17:25:39 IST" name="setData" finished-at="2022-03-01T17:25:39 IST" duration-ms="0" status="PASS">
          <reporter-output>
          </reporter-output>
        </test-method> <!-- setData -->
        <test-method is-config="true" signature="startTestCase()[pri:0, instance:testCases.TC001_LoginLogout@b9b00e0]" started-at="2022-03-01T17:25:39 IST" name="startTestCase" finished-at="2022-03-01T17:25:39 IST" duration-ms="11" status="PASS">
          <reporter-output>
          </reporter-output>
        </test-method> <!-- startTestCase -->
        <test-method is-config="true" signature="login()[pri:0, instance:testCases.TC001_LoginLogout@b9b00e0]" started-at="2022-03-01T17:25:39 IST" name="login" finished-at="2022-03-01T17:25:43 IST" duration-ms="3559" status="PASS">
          <reporter-output>
          </reporter-output>
        </test-method> <!-- login -->
        <test-method signature="loginLogOut(java.lang.String, java.lang.String)[pri:0, instance:testCases.TC001_LoginLogout@b9b00e0]" started-at="2022-03-01T17:25:43 IST" name="loginLogOut" data-provider="fetchData" finished-at="2022-03-01T17:25:55 IST" duration-ms="12123" status="PASS">
          <params>
            <param index="0">
              <value>
                <![CDATA[sharanjit.singh@devkraft.in]]>
              </value>
            </param>
            <param index="1">
              <value>
                <![CDATA[sharanjitrl]]>
              </value>
            </param>
          </params>
          <reporter-output>
          </reporter-output>
        </test-method> <!-- loginLogOut -->
        <test-method is-config="true" signature="endReports()[pri:0, instance:testCases.TC001_LoginLogout@b9b00e0]" started-at="2022-03-01T17:25:55 IST" name="endReports" finished-at="2022-03-01T17:25:55 IST" duration-ms="467" status="PASS">
          <reporter-output>
          </reporter-output>
        </test-method> <!-- endReports -->
      </class> <!-- testCases.TC001_LoginLogout -->
    </test> <!-- Default test -->
  </suite> <!-- Default suite -->
</testng-results>
